<?xml version="1.0" encoding="UTF-8"?>
<!-- Generated by org.testng.reporters.JUnitReportReporter -->
<testsuite hostname="DESKTOP-RSB6NC4" failures="0" tests="1" name="testCases.ParallelTest2" time="9.530" errors="0" timestamp="2022-09-14T15:03:26 IST" skipped="0">
  <testcase classname="testCases.ParallelTest2" name="loginTest" time="9.530"/>
  <system-out/>
</testsuite> <!-- testCases.ParallelTest2 -->
