<?xml version="1.0" encoding="UTF-8"?>
<!-- Generated by org.testng.reporters.JUnitReportReporter -->
<testsuite hostname="DESKTOP-RSB6NC4" failures="0" tests="3" name="testCases.SkipTestcases" time="0.001" errors="0" timestamp="2022-09-05T21:22:38 IST" skipped="3">
  <testcase classname="testCases.SkipTestcases" name="skipTest2" time="0.001">
    <skipped/>
  </testcase> <!-- skipTest2 -->
  <system-out/>
  <testcase classname="testCases.SkipTestcases" name="skipTest3" time="0.000">
    <skipped/>
  </testcase> <!-- skipTest3 -->
  <system-out/>
  <testcase classname="testCases.SkipTestcases" name="skipTest1">
    <skipped/>
  </testcase> <!-- skipTest1 -->
  <system-out/>
</testsuite> <!-- testCases.SkipTestcases -->
