<?xml version="1.0" encoding="UTF-8"?>
<!-- Generated by org.testng.reporters.JUnitReportReporter -->
<testsuite hostname="DESKTOP-RSB6NC4" failures="0" tests="1" name="testCases.LoginTest" time="19.991" errors="0" timestamp="2022-09-06T16:40:23 IST" skipped="0">
  <testcase classname="testCases.LoginTest" name="launchApplication" time="19.991"/>
  <system-out/>
</testsuite> <!-- testCases.LoginTest -->
