<?xml version="1.0" encoding="UTF-8"?>
<!-- Generated by org.testng.reporters.JUnitReportReporter -->
<testsuite hostname="DESKTOP-RSB6NC4" failures="0" tests="1" name="testCases.VerifyTitleUsingAssert" time="16.860" errors="0" timestamp="2022-09-05T21:22:38 IST" skipped="0">
  <testcase classname="testCases.VerifyTitleUsingAssert" name="titleTest" time="16.860"/>
  <system-out/>
</testsuite> <!-- testCases.VerifyTitleUsingAssert -->
