<?xml version="1.0" encoding="UTF-8"?>
<!-- Generated by org.testng.reporters.JUnitReportReporter -->
<testsuite hostname="DESKTOP-RSB6NC4" failures="0" tests="4" name="testCases.GroupingTestCases2" time="0.000" errors="0" timestamp="2022-09-15T16:51:46 IST" skipped="0">
  <testcase classname="testCases.GroupingTestCases2" name="bTest3" time="0.000"/>
  <system-out/>
  <testcase classname="testCases.GroupingTestCases2" name="bTest4" time="0.000"/>
  <system-out/>
  <testcase classname="testCases.GroupingTestCases2" name="aTest1" time="0.000"/>
  <system-out/>
  <testcase classname="testCases.GroupingTestCases2" name="bTest2" time="0.000"/>
  <system-out/>
</testsuite> <!-- testCases.GroupingTestCases2 -->
