<?xml version="1.0" encoding="UTF-8"?>
<!-- Generated by org.testng.reporters.JUnitReportReporter -->
<testsuite hostname="DESKTOP-RSB6NC4" failures="0" tests="2" name="testCases.LoginTestWithAnnotations" time="0.000" errors="0" timestamp="2022-09-15T16:51:46 IST" skipped="0">
  <testcase classname="testCases.LoginTestWithAnnotations" name="aTest1" time="0.000"/>
  <system-out/>
  <testcase classname="testCases.LoginTestWithAnnotations" name="aTest2" time="0.000"/>
  <system-out/>
</testsuite> <!-- testCases.LoginTestWithAnnotations -->
