<?xml version="1.0" encoding="UTF-8"?>
<!-- Generated by org.testng.reporters.JUnitReportReporter -->
<testsuite hostname="DESKTOP-RSB6NC4" failures="0" tests="2" name="testCases.LoginTestWithAnnotations" time="0.005" errors="0" timestamp="2022-09-11T18:50:56 IST" skipped="0">
  <testcase classname="testCases.LoginTestWithAnnotations" name="aTest1" time="0.003"/>
  <system-out/>
  <testcase classname="testCases.LoginTestWithAnnotations" name="aTest2" time="0.002"/>
  <system-out/>
</testsuite> <!-- testCases.LoginTestWithAnnotations -->
