<?xml version="1.0" encoding="UTF-8"?>
<!-- Generated by org.testng.reporters.JUnitReportReporter -->
<testsuite hostname="DESKTOP-RSB6NC4" failures="0" tests="12" name="testCases.DataProviderDemoTest1" time="0.012" errors="0" timestamp="2022-09-11T22:28:43 IST" skipped="0">
  <testcase classname="testCases.DataProviderDemoTest1" name="test2" time="0.001"/>
  <system-out/>
  <testcase classname="testCases.DataProviderDemoTest1" name="test1" time="0.001"/>
  <system-out/>
  <testcase classname="testCases.DataProviderDemoTest1" name="test" time="0.000"/>
  <system-out/>
  <testcase classname="testCases.DataProviderDemoTest1" name="test" time="0.001"/>
  <system-out/>
  <testcase classname="testCases.DataProviderDemoTest1" name="test1" time="0.001"/>
  <system-out/>
  <testcase classname="testCases.DataProviderDemoTest1" name="test1" time="0.000"/>
  <system-out/>
  <testcase classname="testCases.DataProviderDemoTest1" name="test1" time="0.000"/>
  <system-out/>
  <testcase classname="testCases.DataProviderDemoTest1" name="test2" time="0.004"/>
  <system-out/>
  <testcase classname="testCases.DataProviderDemoTest1" name="test2" time="0.000"/>
  <system-out/>
  <testcase classname="testCases.DataProviderDemoTest1" name="test" time="0.004"/>
  <system-out/>
  <testcase classname="testCases.DataProviderDemoTest1" name="test" time="0.000"/>
  <system-out/>
  <testcase classname="testCases.DataProviderDemoTest1" name="test2" time="0.000"/>
  <system-out/>
</testsuite> <!-- testCases.DataProviderDemoTest1 -->
