<?xml version="1.0" encoding="UTF-8"?>
<!-- Generated by org.testng.reporters.JUnitReportReporter -->
<testsuite hostname="DESKTOP-RSB6NC4" failures="0" tests="12" name="testCases.DataProviderDemoTest3" time="0.009" errors="0" timestamp="2022-09-05T23:21:15 IST" skipped="0">
  <testcase classname="testCases.DataProviderDemoTest3" name="test1" time="0.001"/>
  <system-out/>
  <testcase classname="testCases.DataProviderDemoTest3" name="test1" time="0.000"/>
  <system-out/>
  <testcase classname="testCases.DataProviderDemoTest3" name="test1" time="0.001"/>
  <system-out/>
  <testcase classname="testCases.DataProviderDemoTest3" name="test" time="0.000"/>
  <system-out/>
  <testcase classname="testCases.DataProviderDemoTest3" name="test1" time="0.000"/>
  <system-out/>
  <testcase classname="testCases.DataProviderDemoTest3" name="test" time="0.001"/>
  <system-out/>
  <testcase classname="testCases.DataProviderDemoTest3" name="test2" time="0.001"/>
  <system-out/>
  <testcase classname="testCases.DataProviderDemoTest3" name="test2" time="0.000"/>
  <system-out/>
  <testcase classname="testCases.DataProviderDemoTest3" name="test2" time="0.001"/>
  <system-out/>
  <testcase classname="testCases.DataProviderDemoTest3" name="test" time="0.000"/>
  <system-out/>
  <testcase classname="testCases.DataProviderDemoTest3" name="test2" time="0.000"/>
  <system-out/>
  <testcase classname="testCases.DataProviderDemoTest3" name="test" time="0.004"/>
  <system-out/>
</testsuite> <!-- testCases.DataProviderDemoTest3 -->
