<?xml version="1.0" encoding="UTF-8"?>
<!-- Generated by org.testng.reporters.JUnitReportReporter -->
<testsuite hostname="DESKTOP-RSB6NC4" failures="0" tests="2" name="testCases.ParameterizationLoginTest" time="6.267" errors="0" timestamp="2022-09-11T22:03:08 IST" skipped="0">
  <testcase classname="testCases.ParameterizationLoginTest" name="launchApplication" time="3.629"/>
  <system-out/>
  <testcase classname="testCases.ParameterizationLoginTest" name="launchApplication" time="2.638"/>
  <system-out/>
</testsuite> <!-- testCases.ParameterizationLoginTest -->
