<?xml version="1.0" encoding="UTF-8"?>
<!-- Generated by org.testng.reporters.JUnitReportReporter -->
<testsuite hostname="DESKTOP-RSB6NC4" failures="0" tests="1" name="testCases.VerifyTitleUsingAssert" time="6.287" errors="0" timestamp="2022-09-15T16:51:46 IST" skipped="0">
  <testcase classname="testCases.VerifyTitleUsingAssert" name="titleTest" time="6.287"/>
  <system-out/>
</testsuite> <!-- testCases.VerifyTitleUsingAssert -->
