<?xml version="1.0" encoding="UTF-8"?>
<!-- Generated by org.testng.reporters.JUnitReportReporter -->
<testsuite hostname="DESKTOP-RSB6NC4" failures="0" tests="12" name="testCases.DataProviderDemoTest" time="0.010" errors="0" timestamp="2022-09-05T22:17:30 IST" skipped="0">
  <testcase classname="testCases.DataProviderDemoTest" name="test1" time="0.000"/>
  <system-out/>
  <testcase classname="testCases.DataProviderDemoTest" name="test2" time="0.001"/>
  <system-out/>
  <testcase classname="testCases.DataProviderDemoTest" name="test1" time="0.000"/>
  <system-out/>
  <testcase classname="testCases.DataProviderDemoTest" name="test2" time="0.001"/>
  <system-out/>
  <testcase classname="testCases.DataProviderDemoTest" name="test" time="0.001"/>
  <system-out/>
  <testcase classname="testCases.DataProviderDemoTest" name="test" time="0.001"/>
  <system-out/>
  <testcase classname="testCases.DataProviderDemoTest" name="test2" time="0.000"/>
  <system-out/>
  <testcase classname="testCases.DataProviderDemoTest" name="test" time="0.001"/>
  <system-out/>
  <testcase classname="testCases.DataProviderDemoTest" name="test2" time="0.000"/>
  <system-out/>
  <testcase classname="testCases.DataProviderDemoTest" name="test1" time="0.000"/>
  <system-out/>
  <testcase classname="testCases.DataProviderDemoTest" name="test" time="0.004"/>
  <system-out/>
  <testcase classname="testCases.DataProviderDemoTest" name="test1" time="0.001"/>
  <system-out/>
</testsuite> <!-- testCases.DataProviderDemoTest -->
