<?xml version="1.0" encoding="UTF-8"?>
<!-- Generated by org.testng.reporters.JUnitReportReporter -->
<testsuite hostname="DESKTOP-RSB6NC4" failures="0" tests="2" name="testCases.ParallelTest" time="20.928" errors="0" timestamp="2022-09-11T23:29:52 IST" skipped="0">
  <testcase classname="testCases.ParallelTest" name="logoTest" time="10.476"/>
  <system-out/>
  <testcase classname="testCases.ParallelTest" name="homepageTitle" time="10.452"/>
  <system-out/>
</testsuite> <!-- testCases.ParallelTest -->
