<?xml version="1.0" encoding="UTF-8"?>
<!-- Generated by org.testng.reporters.JUnitReportReporter -->
<testsuite hostname="DESKTOP-RSB6NC4" failures="0" tests="4" name="testCases.DataProviderDemoTest2" time="14.310" errors="0" timestamp="2022-09-05T22:47:23 IST" skipped="0">
  <testcase classname="testCases.DataProviderDemoTest2" name="test2" time="4.186"/>
  <system-out/>
  <testcase classname="testCases.DataProviderDemoTest2" name="test2" time="1.737"/>
  <system-out/>
  <testcase classname="testCases.DataProviderDemoTest2" name="test2" time="6.697"/>
  <system-out/>
  <testcase classname="testCases.DataProviderDemoTest2" name="test2" time="1.690"/>
  <system-out/>
</testsuite> <!-- testCases.DataProviderDemoTest2 -->
