<?xml version="1.0" encoding="UTF-8"?>
<!-- Generated by org.testng.reporters.JUnitReportReporter -->
<testsuite hostname="DESKTOP-RSB6NC4" failures="0" tests="4" name="testCases.ReportsTest" time="0.007" errors="0" timestamp="2022-09-09T23:32:42 IST" skipped="0">
  <testcase classname="testCases.ReportsTest" name="reporterTest1" time="0.005"/>
  <system-out/>
  <testcase classname="testCases.ReportsTest" name="reporterTest4" time="0.000"/>
  <system-out/>
  <testcase classname="testCases.ReportsTest" name="reporterTest3" time="0.001"/>
  <system-out/>
  <testcase classname="testCases.ReportsTest" name="reporterTest2" time="0.001"/>
  <system-out>
    <![CDATA[This is test2]]>
  </system-out>
</testsuite> <!-- testCases.ReportsTest -->
