<?xml version="1.0" encoding="UTF-8"?>
<!-- Generated by org.testng.reporters.JUnitReportReporter -->
<testsuite hostname="DESKTOP-RSB6NC4" failures="0" tests="1" name="testCases.VerifyTitleTest" time="8.486" errors="0" timestamp="2022-08-14T22:55:59 IST" skipped="0">
  <testcase classname="testCases.VerifyTitleTest" name="titleTest" time="8.486"/>
  <system-out/>
</testsuite> <!-- testCases.VerifyTitleTest -->
