<?xml version="1.0" encoding="UTF-8"?>
<!-- Generated by org.testng.reporters.JUnitReportReporter -->
<testsuite hostname="DESKTOP-RSB6NC4" failures="0" tests="2" name="testCases.ParallelTest1" time="18.282" errors="0" timestamp="2022-09-14T15:03:26 IST" skipped="0">
  <testcase classname="testCases.ParallelTest1" name="logoTest" time="8.132"/>
  <system-out/>
  <testcase classname="testCases.ParallelTest1" name="homepageTitle" time="10.150"/>
  <system-out/>
</testsuite> <!-- testCases.ParallelTest1 -->
